<TestLog><TestSuite name="MyTest"><TestCase name="my_test_success"><Info file="/home/rakotech/Downloads/vsts/_work/3/s/SampleProject/SampleTest2/Test1.cpp" line="7"><![CDATA[check multiply(1, 2) == 2 passed]]></Info><TestingTime>115</TestingTime></TestCase><TestCase name="my_test_failure"><Error file="/home/rakotech/Downloads/vsts/_work/3/s/SampleProject/SampleTest2/Test1.cpp" line="12"><![CDATA[check multiply(1, 2) == 1 failed]]></Error><TestingTime>84</TestingTime></TestCase></TestSuite></TestLog>